  HitTheBrick.cpp
C:\Users\admin\Documents\刘可立\HitTheBrick\HitTheBrick\HitTheBrick.cpp(41,12): warning C4244: “参数”: 从“time_t”转换到“unsigned int”，可能丢失数据
C:\Users\admin\Documents\刘可立\HitTheBrick\HitTheBrick\HitTheBrick.cpp(81,17): warning C4244: “参数”: 从“double”转换到“float”，可能丢失数据
C:\Users\admin\Documents\刘可立\HitTheBrick\HitTheBrick\HitTheBrick.cpp(132,39): warning C4244: “参数”: 从“double”转换到“int”，可能丢失数据
C:\Users\admin\Documents\刘可立\HitTheBrick\HitTheBrick\HitTheBrick.cpp(132,18): warning C4244: “参数”: 从“double”转换到“int”，可能丢失数据
C:\Users\admin\Documents\刘可立\HitTheBrick\HitTheBrick\HitTheBrick.cpp(133,116): warning C4244: “参数”: 从“double”转换到“int”，可能丢失数据
C:\Users\admin\Documents\刘可立\HitTheBrick\HitTheBrick\HitTheBrick.cpp(133,66): warning C4244: “参数”: 从“double”转换到“int”，可能丢失数据
C:\Users\admin\Documents\刘可立\HitTheBrick\HitTheBrick\HitTheBrick.cpp(133,31): warning C4244: “参数”: 从“double”转换到“int”，可能丢失数据
C:\Users\admin\Documents\刘可立\HitTheBrick\HitTheBrick\HitTheBrick.cpp(133,10): warning C4244: “参数”: 从“double”转换到“int”，可能丢失数据
C:\Users\admin\Documents\刘可立\HitTheBrick\HitTheBrick\HitTheBrick.cpp(134,116): warning C4244: “参数”: 从“double”转换到“int”，可能丢失数据
C:\Users\admin\Documents\刘可立\HitTheBrick\HitTheBrick\HitTheBrick.cpp(134,66): warning C4244: “参数”: 从“double”转换到“int”，可能丢失数据
C:\Users\admin\Documents\刘可立\HitTheBrick\HitTheBrick\HitTheBrick.cpp(134,31): warning C4244: “参数”: 从“double”转换到“int”，可能丢失数据
C:\Users\admin\Documents\刘可立\HitTheBrick\HitTheBrick\HitTheBrick.cpp(134,10): warning C4244: “参数”: 从“double”转换到“int”，可能丢失数据
C:\Users\admin\Documents\刘可立\HitTheBrick\HitTheBrick\HitTheBrick.cpp(186,37): warning C4244: “参数”: 从“double”转换到“int”，可能丢失数据
C:\Users\admin\Documents\刘可立\HitTheBrick\HitTheBrick\HitTheBrick.cpp(186,25): warning C4244: “参数”: 从“double”转换到“int”，可能丢失数据
C:\Users\admin\Documents\刘可立\HitTheBrick\HitTheBrick\HitTheBrick.cpp(220,34): warning C4244: “=”: 从“double”转换到“float”，可能丢失数据
C:\Users\admin\Documents\刘可立\HitTheBrick\HitTheBrick\HitTheBrick.cpp(223,29): warning C4244: “=”: 从“double”转换到“float”，可能丢失数据
C:\Users\admin\Documents\刘可立\HitTheBrick\HitTheBrick\HitTheBrick.cpp(226,34): warning C4244: “=”: 从“double”转换到“float”，可能丢失数据
C:\Users\admin\Documents\刘可立\HitTheBrick\HitTheBrick\HitTheBrick.cpp(241,38): warning C4244: “=”: 从“double”转换到“float”，可能丢失数据
C:\Users\admin\Documents\刘可立\HitTheBrick\HitTheBrick\HitTheBrick.cpp(244,34): warning C4244: “=”: 从“double”转换到“float”，可能丢失数据
C:\Users\admin\Documents\刘可立\HitTheBrick\HitTheBrick\HitTheBrick.cpp(247,38): warning C4244: “=”: 从“double”转换到“float”，可能丢失数据
C:\Users\admin\Documents\刘可立\HitTheBrick\HitTheBrick\HitTheBrick.cpp(262,34): warning C4244: “=”: 从“double”转换到“float”，可能丢失数据
C:\Users\admin\Documents\刘可立\HitTheBrick\HitTheBrick\HitTheBrick.cpp(265,34): warning C4244: “=”: 从“double”转换到“float”，可能丢失数据
C:\Users\admin\Documents\刘可立\HitTheBrick\HitTheBrick\HitTheBrick.cpp(268,38): warning C4244: “=”: 从“double”转换到“float”，可能丢失数据
C:\Users\admin\Documents\刘可立\HitTheBrick\HitTheBrick\HitTheBrick.cpp(283,29): warning C4244: “=”: 从“double”转换到“float”，可能丢失数据
C:\Users\admin\Documents\刘可立\HitTheBrick\HitTheBrick\HitTheBrick.cpp(286,29): warning C4244: “=”: 从“double”转换到“float”，可能丢失数据
C:\Users\admin\Documents\刘可立\HitTheBrick\HitTheBrick\HitTheBrick.cpp(289,34): warning C4244: “=”: 从“double”转换到“float”，可能丢失数据
C:\Users\admin\Documents\刘可立\HitTheBrick\HitTheBrick\HitTheBrick.cpp(303,18): warning C4244: “=”: 从“double”转换到“int”，可能丢失数据
LINK : warning LNK4098: 默认库“MSVCRT”与其他库的使用冲突；请使用 /NODEFAULTLIB:library
graphics19.lib(color.obj) : warning LNK4099: 未找到 PDB“graphics19.pdb”(使用“graphics19.lib(color.obj)”或在“C:\Users\admin\Documents\刘可立\HitTheBrick\Debug\graphics19.pdb”中寻找)；正在链接对象，如同没有调试信息一样
graphics19.lib(egecontrolbase.obj) : warning LNK4099: 未找到 PDB“graphics19.pdb”(使用“graphics19.lib(egecontrolbase.obj)”或在“C:\Users\admin\Documents\刘可立\HitTheBrick\Debug\graphics19.pdb”中寻找)；正在链接对象，如同没有调试信息一样
graphics19.lib(egegapi.obj) : warning LNK4099: 未找到 PDB“graphics19.pdb”(使用“graphics19.lib(egegapi.obj)”或在“C:\Users\admin\Documents\刘可立\HitTheBrick\Debug\graphics19.pdb”中寻找)；正在链接对象，如同没有调试信息一样
graphics19.lib(graphics.obj) : warning LNK4099: 未找到 PDB“graphics19.pdb”(使用“graphics19.lib(graphics.obj)”或在“C:\Users\admin\Documents\刘可立\HitTheBrick\Debug\graphics19.pdb”中寻找)；正在链接对象，如同没有调试信息一样
graphics19.lib(image.obj) : warning LNK4099: 未找到 PDB“graphics19.pdb”(使用“graphics19.lib(image.obj)”或在“C:\Users\admin\Documents\刘可立\HitTheBrick\Debug\graphics19.pdb”中寻找)；正在链接对象，如同没有调试信息一样
graphics19.lib(logo.obj) : warning LNK4099: 未找到 PDB“graphics19.pdb”(使用“graphics19.lib(logo.obj)”或在“C:\Users\admin\Documents\刘可立\HitTheBrick\Debug\graphics19.pdb”中寻找)；正在链接对象，如同没有调试信息一样
graphics19.lib(adler32.obj) : warning LNK4099: 未找到 PDB“graphics19.pdb”(使用“graphics19.lib(adler32.obj)”或在“C:\Users\admin\Documents\刘可立\HitTheBrick\Debug\graphics19.pdb”中寻找)；正在链接对象，如同没有调试信息一样
graphics19.lib(compress.obj) : warning LNK4099: 未找到 PDB“graphics19.pdb”(使用“graphics19.lib(compress.obj)”或在“C:\Users\admin\Documents\刘可立\HitTheBrick\Debug\graphics19.pdb”中寻找)；正在链接对象，如同没有调试信息一样
graphics19.lib(crc32.obj) : warning LNK4099: 未找到 PDB“graphics19.pdb”(使用“graphics19.lib(crc32.obj)”或在“C:\Users\admin\Documents\刘可立\HitTheBrick\Debug\graphics19.pdb”中寻找)；正在链接对象，如同没有调试信息一样
graphics19.lib(deflate.obj) : warning LNK4099: 未找到 PDB“graphics19.pdb”(使用“graphics19.lib(deflate.obj)”或在“C:\Users\admin\Documents\刘可立\HitTheBrick\Debug\graphics19.pdb”中寻找)；正在链接对象，如同没有调试信息一样
graphics19.lib(inffast.obj) : warning LNK4099: 未找到 PDB“graphics19.pdb”(使用“graphics19.lib(inffast.obj)”或在“C:\Users\admin\Documents\刘可立\HitTheBrick\Debug\graphics19.pdb”中寻找)；正在链接对象，如同没有调试信息一样
graphics19.lib(inflate.obj) : warning LNK4099: 未找到 PDB“graphics19.pdb”(使用“graphics19.lib(inflate.obj)”或在“C:\Users\admin\Documents\刘可立\HitTheBrick\Debug\graphics19.pdb”中寻找)；正在链接对象，如同没有调试信息一样
graphics19.lib(inftrees.obj) : warning LNK4099: 未找到 PDB“graphics19.pdb”(使用“graphics19.lib(inftrees.obj)”或在“C:\Users\admin\Documents\刘可立\HitTheBrick\Debug\graphics19.pdb”中寻找)；正在链接对象，如同没有调试信息一样
graphics19.lib(png.obj) : warning LNK4099: 未找到 PDB“graphics19.pdb”(使用“graphics19.lib(png.obj)”或在“C:\Users\admin\Documents\刘可立\HitTheBrick\Debug\graphics19.pdb”中寻找)；正在链接对象，如同没有调试信息一样
graphics19.lib(pngerror.obj) : warning LNK4099: 未找到 PDB“graphics19.pdb”(使用“graphics19.lib(pngerror.obj)”或在“C:\Users\admin\Documents\刘可立\HitTheBrick\Debug\graphics19.pdb”中寻找)；正在链接对象，如同没有调试信息一样
graphics19.lib(pngget.obj) : warning LNK4099: 未找到 PDB“graphics19.pdb”(使用“graphics19.lib(pngget.obj)”或在“C:\Users\admin\Documents\刘可立\HitTheBrick\Debug\graphics19.pdb”中寻找)；正在链接对象，如同没有调试信息一样
graphics19.lib(pngmem.obj) : warning LNK4099: 未找到 PDB“graphics19.pdb”(使用“graphics19.lib(pngmem.obj)”或在“C:\Users\admin\Documents\刘可立\HitTheBrick\Debug\graphics19.pdb”中寻找)；正在链接对象，如同没有调试信息一样
graphics19.lib(pngread.obj) : warning LNK4099: 未找到 PDB“graphics19.pdb”(使用“graphics19.lib(pngread.obj)”或在“C:\Users\admin\Documents\刘可立\HitTheBrick\Debug\graphics19.pdb”中寻找)；正在链接对象，如同没有调试信息一样
graphics19.lib(pngrio.obj) : warning LNK4099: 未找到 PDB“graphics19.pdb”(使用“graphics19.lib(pngrio.obj)”或在“C:\Users\admin\Documents\刘可立\HitTheBrick\Debug\graphics19.pdb”中寻找)；正在链接对象，如同没有调试信息一样
graphics19.lib(pngrtran.obj) : warning LNK4099: 未找到 PDB“graphics19.pdb”(使用“graphics19.lib(pngrtran.obj)”或在“C:\Users\admin\Documents\刘可立\HitTheBrick\Debug\graphics19.pdb”中寻找)；正在链接对象，如同没有调试信息一样
graphics19.lib(pngrutil.obj) : warning LNK4099: 未找到 PDB“graphics19.pdb”(使用“graphics19.lib(pngrutil.obj)”或在“C:\Users\admin\Documents\刘可立\HitTheBrick\Debug\graphics19.pdb”中寻找)；正在链接对象，如同没有调试信息一样
graphics19.lib(pngset.obj) : warning LNK4099: 未找到 PDB“graphics19.pdb”(使用“graphics19.lib(pngset.obj)”或在“C:\Users\admin\Documents\刘可立\HitTheBrick\Debug\graphics19.pdb”中寻找)；正在链接对象，如同没有调试信息一样
graphics19.lib(pngtrans.obj) : warning LNK4099: 未找到 PDB“graphics19.pdb”(使用“graphics19.lib(pngtrans.obj)”或在“C:\Users\admin\Documents\刘可立\HitTheBrick\Debug\graphics19.pdb”中寻找)；正在链接对象，如同没有调试信息一样
graphics19.lib(pngwio.obj) : warning LNK4099: 未找到 PDB“graphics19.pdb”(使用“graphics19.lib(pngwio.obj)”或在“C:\Users\admin\Documents\刘可立\HitTheBrick\Debug\graphics19.pdb”中寻找)；正在链接对象，如同没有调试信息一样
graphics19.lib(pngwrite.obj) : warning LNK4099: 未找到 PDB“graphics19.pdb”(使用“graphics19.lib(pngwrite.obj)”或在“C:\Users\admin\Documents\刘可立\HitTheBrick\Debug\graphics19.pdb”中寻找)；正在链接对象，如同没有调试信息一样
graphics19.lib(pngwtran.obj) : warning LNK4099: 未找到 PDB“graphics19.pdb”(使用“graphics19.lib(pngwtran.obj)”或在“C:\Users\admin\Documents\刘可立\HitTheBrick\Debug\graphics19.pdb”中寻找)；正在链接对象，如同没有调试信息一样
graphics19.lib(pngwutil.obj) : warning LNK4099: 未找到 PDB“graphics19.pdb”(使用“graphics19.lib(pngwutil.obj)”或在“C:\Users\admin\Documents\刘可立\HitTheBrick\Debug\graphics19.pdb”中寻找)；正在链接对象，如同没有调试信息一样
graphics19.lib(trees.obj) : warning LNK4099: 未找到 PDB“graphics19.pdb”(使用“graphics19.lib(trees.obj)”或在“C:\Users\admin\Documents\刘可立\HitTheBrick\Debug\graphics19.pdb”中寻找)；正在链接对象，如同没有调试信息一样
graphics19.lib(uncompr.obj) : warning LNK4099: 未找到 PDB“graphics19.pdb”(使用“graphics19.lib(uncompr.obj)”或在“C:\Users\admin\Documents\刘可立\HitTheBrick\Debug\graphics19.pdb”中寻找)；正在链接对象，如同没有调试信息一样
graphics19.lib(zutil.obj) : warning LNK4099: 未找到 PDB“graphics19.pdb”(使用“graphics19.lib(zutil.obj)”或在“C:\Users\admin\Documents\刘可立\HitTheBrick\Debug\graphics19.pdb”中寻找)；正在链接对象，如同没有调试信息一样
  HitTheBrick.vcxproj -> C:\Users\admin\Documents\刘可立\HitTheBrick\Debug\HitTheBrick.exe
