  HitTheBrick.cpp
C:\Users\admin\Documents\刘可立\HitTheBrick\HitTheBrick\HitTheBrick.cpp(28,71): warning C4244: “参数”: 从“double”转换到“float”，可能丢失数据
C:\Users\admin\Documents\刘可立\HitTheBrick\HitTheBrick\HitTheBrick.cpp(28,33): warning C4244: “参数”: 从“double”转换到“float”，可能丢失数据
C:\Users\admin\Documents\刘可立\HitTheBrick\HitTheBrick\HitTheBrick.cpp(65,67): warning C4244: “参数”: 从“double”转换到“float”，可能丢失数据
C:\Users\admin\Documents\刘可立\HitTheBrick\HitTheBrick\HitTheBrick.cpp(65,29): warning C4244: “参数”: 从“double”转换到“float”，可能丢失数据
C:\Users\admin\Documents\刘可立\HitTheBrick\HitTheBrick\HitTheBrick.cpp(66,71): warning C4244: “参数”: 从“double”转换到“float”，可能丢失数据
C:\Users\admin\Documents\刘可立\HitTheBrick\HitTheBrick\HitTheBrick.cpp(66,33): warning C4244: “参数”: 从“double”转换到“float”，可能丢失数据
C:\Users\admin\Documents\刘可立\HitTheBrick\HitTheBrick\HitTheBrick.cpp(117,12): warning C4244: “参数”: 从“time_t”转换到“unsigned int”，可能丢失数据
C:\Users\admin\Documents\刘可立\HitTheBrick\HitTheBrick\HitTheBrick.cpp(213,39): warning C4305: “-=”: 从“double”到“float”截断
C:\Users\admin\Documents\刘可立\HitTheBrick\HitTheBrick\HitTheBrick.cpp(214,36): warning C4305: “参数”: 从“double”到“float”截断
C:\Users\admin\Documents\刘可立\HitTheBrick\HitTheBrick\HitTheBrick.cpp(221,37): warning C4305: “参数”: 从“double”到“float”截断
C:\Users\admin\Documents\刘可立\HitTheBrick\HitTheBrick\HitTheBrick.cpp(225,36): warning C4305: “参数”: 从“double”到“float”截断
C:\Users\admin\Documents\刘可立\HitTheBrick\HitTheBrick\HitTheBrick.cpp(286,22): warning C4244: “参数”: 从“double”转换到“float”，可能丢失数据
C:\Users\admin\Documents\刘可立\HitTheBrick\HitTheBrick\HitTheBrick.cpp(373,39): warning C4244: “参数”: 从“double”转换到“int”，可能丢失数据
C:\Users\admin\Documents\刘可立\HitTheBrick\HitTheBrick\HitTheBrick.cpp(373,18): warning C4244: “参数”: 从“double”转换到“int”，可能丢失数据
C:\Users\admin\Documents\刘可立\HitTheBrick\HitTheBrick\HitTheBrick.cpp(374,116): warning C4244: “参数”: 从“double”转换到“int”，可能丢失数据
C:\Users\admin\Documents\刘可立\HitTheBrick\HitTheBrick\HitTheBrick.cpp(374,66): warning C4244: “参数”: 从“double”转换到“int”，可能丢失数据
C:\Users\admin\Documents\刘可立\HitTheBrick\HitTheBrick\HitTheBrick.cpp(374,31): warning C4244: “参数”: 从“double”转换到“int”，可能丢失数据
C:\Users\admin\Documents\刘可立\HitTheBrick\HitTheBrick\HitTheBrick.cpp(374,10): warning C4244: “参数”: 从“double”转换到“int”，可能丢失数据
C:\Users\admin\Documents\刘可立\HitTheBrick\HitTheBrick\HitTheBrick.cpp(375,116): warning C4244: “参数”: 从“double”转换到“int”，可能丢失数据
C:\Users\admin\Documents\刘可立\HitTheBrick\HitTheBrick\HitTheBrick.cpp(375,66): warning C4244: “参数”: 从“double”转换到“int”，可能丢失数据
C:\Users\admin\Documents\刘可立\HitTheBrick\HitTheBrick\HitTheBrick.cpp(375,31): warning C4244: “参数”: 从“double”转换到“int”，可能丢失数据
C:\Users\admin\Documents\刘可立\HitTheBrick\HitTheBrick\HitTheBrick.cpp(375,10): warning C4244: “参数”: 从“double”转换到“int”，可能丢失数据
C:\Users\admin\Documents\刘可立\HitTheBrick\HitTheBrick\HitTheBrick.cpp(377,18): warning C4244: “初始化”: 从“double”转换到“float”，可能丢失数据
C:\Users\admin\Documents\刘可立\HitTheBrick\HitTheBrick\HitTheBrick.cpp(377,48): warning C4244: “初始化”: 从“double”转换到“float”，可能丢失数据
C:\Users\admin\Documents\刘可立\HitTheBrick\HitTheBrick\HitTheBrick.cpp(379,29): warning C4244: “+=”: 从“double”转换到“float”，可能丢失数据
C:\Users\admin\Documents\刘可立\HitTheBrick\HitTheBrick\HitTheBrick.cpp(380,29): warning C4244: “-=”: 从“double”转换到“float”，可能丢失数据
C:\Users\admin\Documents\刘可立\HitTheBrick\HitTheBrick\HitTheBrick.cpp(381,26): warning C4244: “参数”: 从“float”转换到“int”，可能丢失数据
C:\Users\admin\Documents\刘可立\HitTheBrick\HitTheBrick\HitTheBrick.cpp(381,16): warning C4244: “参数”: 从“float”转换到“int”，可能丢失数据
C:\Users\admin\Documents\刘可立\HitTheBrick\HitTheBrick\HitTheBrick.cpp(468,37): warning C4244: “参数”: 从“double”转换到“int”，可能丢失数据
C:\Users\admin\Documents\刘可立\HitTheBrick\HitTheBrick\HitTheBrick.cpp(468,25): warning C4244: “参数”: 从“double”转换到“int”，可能丢失数据
C:\Users\admin\Documents\刘可立\HitTheBrick\HitTheBrick\HitTheBrick.cpp(486,18): warning C4244: “初始化”: 从“double”转换到“int”，可能丢失数据
C:\Users\admin\Documents\刘可立\HitTheBrick\HitTheBrick\HitTheBrick.cpp(498,18): warning C4244: “初始化”: 从“double”转换到“int”，可能丢失数据
C:\Users\admin\Documents\刘可立\HitTheBrick\HitTheBrick\HitTheBrick.cpp(510,18): warning C4244: “初始化”: 从“double”转换到“int”，可能丢失数据
C:\Users\admin\Documents\刘可立\HitTheBrick\HitTheBrick\HitTheBrick.cpp(522,18): warning C4244: “初始化”: 从“double”转换到“int”，可能丢失数据
C:\Users\admin\Documents\刘可立\HitTheBrick\HitTheBrick\HitTheBrick.cpp(540,17): warning C4244: “初始化”: 从“double”转换到“int”，可能丢失数据
C:\Users\admin\Documents\刘可立\HitTheBrick\HitTheBrick\HitTheBrick.cpp(550,17): warning C4244: “初始化”: 从“double”转换到“int”，可能丢失数据
C:\Users\admin\Documents\刘可立\HitTheBrick\HitTheBrick\HitTheBrick.cpp(572,17): warning C4244: “初始化”: 从“double”转换到“int”，可能丢失数据
C:\Users\admin\Documents\刘可立\HitTheBrick\HitTheBrick\HitTheBrick.cpp(582,17): warning C4244: “初始化”: 从“double”转换到“int”，可能丢失数据
C:\Users\admin\Documents\刘可立\HitTheBrick\HitTheBrick\HitTheBrick.cpp(605,18): warning C4244: “初始化”: 从“double”转换到“int”，可能丢失数据
C:\Users\admin\Documents\刘可立\HitTheBrick\HitTheBrick\HitTheBrick.cpp(615,18): warning C4244: “初始化”: 从“double”转换到“int”，可能丢失数据
C:\Users\admin\Documents\刘可立\HitTheBrick\HitTheBrick\HitTheBrick.cpp(639,18): warning C4244: “初始化”: 从“double”转换到“int”，可能丢失数据
C:\Users\admin\Documents\刘可立\HitTheBrick\HitTheBrick\HitTheBrick.cpp(649,18): warning C4244: “初始化”: 从“double”转换到“int”，可能丢失数据
C:\Users\admin\Documents\刘可立\HitTheBrick\HitTheBrick\HitTheBrick.cpp(673,34): warning C4244: “=”: 从“double”转换到“float”，可能丢失数据
C:\Users\admin\Documents\刘可立\HitTheBrick\HitTheBrick\HitTheBrick.cpp(676,29): warning C4244: “=”: 从“double”转换到“float”，可能丢失数据
C:\Users\admin\Documents\刘可立\HitTheBrick\HitTheBrick\HitTheBrick.cpp(679,34): warning C4244: “=”: 从“double”转换到“float”，可能丢失数据
C:\Users\admin\Documents\刘可立\HitTheBrick\HitTheBrick\HitTheBrick.cpp(690,34): warning C4244: “=”: 从“double”转换到“float”，可能丢失数据
C:\Users\admin\Documents\刘可立\HitTheBrick\HitTheBrick\HitTheBrick.cpp(693,29): warning C4244: “=”: 从“double”转换到“float”，可能丢失数据
C:\Users\admin\Documents\刘可立\HitTheBrick\HitTheBrick\HitTheBrick.cpp(696,34): warning C4244: “=”: 从“double”转换到“float”，可能丢失数据
C:\Users\admin\Documents\刘可立\HitTheBrick\HitTheBrick\HitTheBrick.cpp(707,34): warning C4244: “=”: 从“double”转换到“float”，可能丢失数据
C:\Users\admin\Documents\刘可立\HitTheBrick\HitTheBrick\HitTheBrick.cpp(710,29): warning C4244: “=”: 从“double”转换到“float”，可能丢失数据
C:\Users\admin\Documents\刘可立\HitTheBrick\HitTheBrick\HitTheBrick.cpp(713,34): warning C4244: “=”: 从“double”转换到“float”，可能丢失数据
C:\Users\admin\Documents\刘可立\HitTheBrick\HitTheBrick\HitTheBrick.cpp(729,38): warning C4244: “=”: 从“double”转换到“float”，可能丢失数据
C:\Users\admin\Documents\刘可立\HitTheBrick\HitTheBrick\HitTheBrick.cpp(732,34): warning C4244: “=”: 从“double”转换到“float”，可能丢失数据
C:\Users\admin\Documents\刘可立\HitTheBrick\HitTheBrick\HitTheBrick.cpp(735,38): warning C4244: “=”: 从“double”转换到“float”，可能丢失数据
C:\Users\admin\Documents\刘可立\HitTheBrick\HitTheBrick\HitTheBrick.cpp(746,38): warning C4244: “=”: 从“double”转换到“float”，可能丢失数据
C:\Users\admin\Documents\刘可立\HitTheBrick\HitTheBrick\HitTheBrick.cpp(749,34): warning C4244: “=”: 从“double”转换到“float”，可能丢失数据
C:\Users\admin\Documents\刘可立\HitTheBrick\HitTheBrick\HitTheBrick.cpp(752,38): warning C4244: “=”: 从“double”转换到“float”，可能丢失数据
C:\Users\admin\Documents\刘可立\HitTheBrick\HitTheBrick\HitTheBrick.cpp(763,38): warning C4244: “=”: 从“double”转换到“float”，可能丢失数据
C:\Users\admin\Documents\刘可立\HitTheBrick\HitTheBrick\HitTheBrick.cpp(766,34): warning C4244: “=”: 从“double”转换到“float”，可能丢失数据
C:\Users\admin\Documents\刘可立\HitTheBrick\HitTheBrick\HitTheBrick.cpp(769,38): warning C4244: “=”: 从“double”转换到“float”，可能丢失数据
C:\Users\admin\Documents\刘可立\HitTheBrick\HitTheBrick\HitTheBrick.cpp(784,34): warning C4244: “=”: 从“double”转换到“float”，可能丢失数据
C:\Users\admin\Documents\刘可立\HitTheBrick\HitTheBrick\HitTheBrick.cpp(787,34): warning C4244: “=”: 从“double”转换到“float”，可能丢失数据
C:\Users\admin\Documents\刘可立\HitTheBrick\HitTheBrick\HitTheBrick.cpp(790,38): warning C4244: “=”: 从“double”转换到“float”，可能丢失数据
C:\Users\admin\Documents\刘可立\HitTheBrick\HitTheBrick\HitTheBrick.cpp(801,34): warning C4244: “=”: 从“double”转换到“float”，可能丢失数据
C:\Users\admin\Documents\刘可立\HitTheBrick\HitTheBrick\HitTheBrick.cpp(804,34): warning C4244: “=”: 从“double”转换到“float”，可能丢失数据
C:\Users\admin\Documents\刘可立\HitTheBrick\HitTheBrick\HitTheBrick.cpp(807,38): warning C4244: “=”: 从“double”转换到“float”，可能丢失数据
C:\Users\admin\Documents\刘可立\HitTheBrick\HitTheBrick\HitTheBrick.cpp(818,34): warning C4244: “=”: 从“double”转换到“float”，可能丢失数据
C:\Users\admin\Documents\刘可立\HitTheBrick\HitTheBrick\HitTheBrick.cpp(821,34): warning C4244: “=”: 从“double”转换到“float”，可能丢失数据
C:\Users\admin\Documents\刘可立\HitTheBrick\HitTheBrick\HitTheBrick.cpp(824,38): warning C4244: “=”: 从“double”转换到“float”，可能丢失数据
C:\Users\admin\Documents\刘可立\HitTheBrick\HitTheBrick\HitTheBrick.cpp(839,29): warning C4244: “=”: 从“double”转换到“float”，可能丢失数据
C:\Users\admin\Documents\刘可立\HitTheBrick\HitTheBrick\HitTheBrick.cpp(842,29): warning C4244: “=”: 从“double”转换到“float”，可能丢失数据
C:\Users\admin\Documents\刘可立\HitTheBrick\HitTheBrick\HitTheBrick.cpp(845,34): warning C4244: “=”: 从“double”转换到“float”，可能丢失数据
C:\Users\admin\Documents\刘可立\HitTheBrick\HitTheBrick\HitTheBrick.cpp(856,29): warning C4244: “=”: 从“double”转换到“float”，可能丢失数据
C:\Users\admin\Documents\刘可立\HitTheBrick\HitTheBrick\HitTheBrick.cpp(859,29): warning C4244: “=”: 从“double”转换到“float”，可能丢失数据
C:\Users\admin\Documents\刘可立\HitTheBrick\HitTheBrick\HitTheBrick.cpp(862,34): warning C4244: “=”: 从“double”转换到“float”，可能丢失数据
C:\Users\admin\Documents\刘可立\HitTheBrick\HitTheBrick\HitTheBrick.cpp(873,29): warning C4244: “=”: 从“double”转换到“float”，可能丢失数据
C:\Users\admin\Documents\刘可立\HitTheBrick\HitTheBrick\HitTheBrick.cpp(876,29): warning C4244: “=”: 从“double”转换到“float”，可能丢失数据
C:\Users\admin\Documents\刘可立\HitTheBrick\HitTheBrick\HitTheBrick.cpp(879,34): warning C4244: “=”: 从“double”转换到“float”，可能丢失数据
C:\Users\admin\Documents\刘可立\HitTheBrick\HitTheBrick\HitTheBrick.cpp(907,18): warning C4244: “=”: 从“double”转换到“int”，可能丢失数据
LINK : warning LNK4098: 默认库“MSVCRT”与其他库的使用冲突；请使用 /NODEFAULTLIB:library
graphics1964.lib(color.obj) : warning LNK4099: 未找到 PDB“graphics19.pdb”(使用“graphics1964.lib(color.obj)”或在“C:\Users\admin\Documents\刘可立\HitTheBrick\x64\Debug\graphics19.pdb”中寻找)；正在链接对象，如同没有调试信息一样
graphics1964.lib(egecontrolbase.obj) : warning LNK4099: 未找到 PDB“graphics19.pdb”(使用“graphics1964.lib(egecontrolbase.obj)”或在“C:\Users\admin\Documents\刘可立\HitTheBrick\x64\Debug\graphics19.pdb”中寻找)；正在链接对象，如同没有调试信息一样
graphics1964.lib(egegapi.obj) : warning LNK4099: 未找到 PDB“graphics19.pdb”(使用“graphics1964.lib(egegapi.obj)”或在“C:\Users\admin\Documents\刘可立\HitTheBrick\x64\Debug\graphics19.pdb”中寻找)；正在链接对象，如同没有调试信息一样
graphics1964.lib(graphics.obj) : warning LNK4099: 未找到 PDB“graphics19.pdb”(使用“graphics1964.lib(graphics.obj)”或在“C:\Users\admin\Documents\刘可立\HitTheBrick\x64\Debug\graphics19.pdb”中寻找)；正在链接对象，如同没有调试信息一样
graphics1964.lib(image.obj) : warning LNK4099: 未找到 PDB“graphics19.pdb”(使用“graphics1964.lib(image.obj)”或在“C:\Users\admin\Documents\刘可立\HitTheBrick\x64\Debug\graphics19.pdb”中寻找)；正在链接对象，如同没有调试信息一样
graphics1964.lib(logo.obj) : warning LNK4099: 未找到 PDB“graphics19.pdb”(使用“graphics1964.lib(logo.obj)”或在“C:\Users\admin\Documents\刘可立\HitTheBrick\x64\Debug\graphics19.pdb”中寻找)；正在链接对象，如同没有调试信息一样
graphics1964.lib(adler32.obj) : warning LNK4099: 未找到 PDB“graphics19.pdb”(使用“graphics1964.lib(adler32.obj)”或在“C:\Users\admin\Documents\刘可立\HitTheBrick\x64\Debug\graphics19.pdb”中寻找)；正在链接对象，如同没有调试信息一样
graphics1964.lib(compress.obj) : warning LNK4099: 未找到 PDB“graphics19.pdb”(使用“graphics1964.lib(compress.obj)”或在“C:\Users\admin\Documents\刘可立\HitTheBrick\x64\Debug\graphics19.pdb”中寻找)；正在链接对象，如同没有调试信息一样
graphics1964.lib(crc32.obj) : warning LNK4099: 未找到 PDB“graphics19.pdb”(使用“graphics1964.lib(crc32.obj)”或在“C:\Users\admin\Documents\刘可立\HitTheBrick\x64\Debug\graphics19.pdb”中寻找)；正在链接对象，如同没有调试信息一样
graphics1964.lib(deflate.obj) : warning LNK4099: 未找到 PDB“graphics19.pdb”(使用“graphics1964.lib(deflate.obj)”或在“C:\Users\admin\Documents\刘可立\HitTheBrick\x64\Debug\graphics19.pdb”中寻找)；正在链接对象，如同没有调试信息一样
graphics1964.lib(inffast.obj) : warning LNK4099: 未找到 PDB“graphics19.pdb”(使用“graphics1964.lib(inffast.obj)”或在“C:\Users\admin\Documents\刘可立\HitTheBrick\x64\Debug\graphics19.pdb”中寻找)；正在链接对象，如同没有调试信息一样
graphics1964.lib(inflate.obj) : warning LNK4099: 未找到 PDB“graphics19.pdb”(使用“graphics1964.lib(inflate.obj)”或在“C:\Users\admin\Documents\刘可立\HitTheBrick\x64\Debug\graphics19.pdb”中寻找)；正在链接对象，如同没有调试信息一样
graphics1964.lib(inftrees.obj) : warning LNK4099: 未找到 PDB“graphics19.pdb”(使用“graphics1964.lib(inftrees.obj)”或在“C:\Users\admin\Documents\刘可立\HitTheBrick\x64\Debug\graphics19.pdb”中寻找)；正在链接对象，如同没有调试信息一样
graphics1964.lib(png.obj) : warning LNK4099: 未找到 PDB“graphics19.pdb”(使用“graphics1964.lib(png.obj)”或在“C:\Users\admin\Documents\刘可立\HitTheBrick\x64\Debug\graphics19.pdb”中寻找)；正在链接对象，如同没有调试信息一样
graphics1964.lib(pngerror.obj) : warning LNK4099: 未找到 PDB“graphics19.pdb”(使用“graphics1964.lib(pngerror.obj)”或在“C:\Users\admin\Documents\刘可立\HitTheBrick\x64\Debug\graphics19.pdb”中寻找)；正在链接对象，如同没有调试信息一样
graphics1964.lib(pngget.obj) : warning LNK4099: 未找到 PDB“graphics19.pdb”(使用“graphics1964.lib(pngget.obj)”或在“C:\Users\admin\Documents\刘可立\HitTheBrick\x64\Debug\graphics19.pdb”中寻找)；正在链接对象，如同没有调试信息一样
graphics1964.lib(pngmem.obj) : warning LNK4099: 未找到 PDB“graphics19.pdb”(使用“graphics1964.lib(pngmem.obj)”或在“C:\Users\admin\Documents\刘可立\HitTheBrick\x64\Debug\graphics19.pdb”中寻找)；正在链接对象，如同没有调试信息一样
graphics1964.lib(pngread.obj) : warning LNK4099: 未找到 PDB“graphics19.pdb”(使用“graphics1964.lib(pngread.obj)”或在“C:\Users\admin\Documents\刘可立\HitTheBrick\x64\Debug\graphics19.pdb”中寻找)；正在链接对象，如同没有调试信息一样
graphics1964.lib(pngrio.obj) : warning LNK4099: 未找到 PDB“graphics19.pdb”(使用“graphics1964.lib(pngrio.obj)”或在“C:\Users\admin\Documents\刘可立\HitTheBrick\x64\Debug\graphics19.pdb”中寻找)；正在链接对象，如同没有调试信息一样
graphics1964.lib(pngrtran.obj) : warning LNK4099: 未找到 PDB“graphics19.pdb”(使用“graphics1964.lib(pngrtran.obj)”或在“C:\Users\admin\Documents\刘可立\HitTheBrick\x64\Debug\graphics19.pdb”中寻找)；正在链接对象，如同没有调试信息一样
graphics1964.lib(pngrutil.obj) : warning LNK4099: 未找到 PDB“graphics19.pdb”(使用“graphics1964.lib(pngrutil.obj)”或在“C:\Users\admin\Documents\刘可立\HitTheBrick\x64\Debug\graphics19.pdb”中寻找)；正在链接对象，如同没有调试信息一样
graphics1964.lib(pngset.obj) : warning LNK4099: 未找到 PDB“graphics19.pdb”(使用“graphics1964.lib(pngset.obj)”或在“C:\Users\admin\Documents\刘可立\HitTheBrick\x64\Debug\graphics19.pdb”中寻找)；正在链接对象，如同没有调试信息一样
graphics1964.lib(pngtrans.obj) : warning LNK4099: 未找到 PDB“graphics19.pdb”(使用“graphics1964.lib(pngtrans.obj)”或在“C:\Users\admin\Documents\刘可立\HitTheBrick\x64\Debug\graphics19.pdb”中寻找)；正在链接对象，如同没有调试信息一样
graphics1964.lib(pngwio.obj) : warning LNK4099: 未找到 PDB“graphics19.pdb”(使用“graphics1964.lib(pngwio.obj)”或在“C:\Users\admin\Documents\刘可立\HitTheBrick\x64\Debug\graphics19.pdb”中寻找)；正在链接对象，如同没有调试信息一样
graphics1964.lib(pngwrite.obj) : warning LNK4099: 未找到 PDB“graphics19.pdb”(使用“graphics1964.lib(pngwrite.obj)”或在“C:\Users\admin\Documents\刘可立\HitTheBrick\x64\Debug\graphics19.pdb”中寻找)；正在链接对象，如同没有调试信息一样
graphics1964.lib(pngwtran.obj) : warning LNK4099: 未找到 PDB“graphics19.pdb”(使用“graphics1964.lib(pngwtran.obj)”或在“C:\Users\admin\Documents\刘可立\HitTheBrick\x64\Debug\graphics19.pdb”中寻找)；正在链接对象，如同没有调试信息一样
graphics1964.lib(pngwutil.obj) : warning LNK4099: 未找到 PDB“graphics19.pdb”(使用“graphics1964.lib(pngwutil.obj)”或在“C:\Users\admin\Documents\刘可立\HitTheBrick\x64\Debug\graphics19.pdb”中寻找)；正在链接对象，如同没有调试信息一样
graphics1964.lib(trees.obj) : warning LNK4099: 未找到 PDB“graphics19.pdb”(使用“graphics1964.lib(trees.obj)”或在“C:\Users\admin\Documents\刘可立\HitTheBrick\x64\Debug\graphics19.pdb”中寻找)；正在链接对象，如同没有调试信息一样
graphics1964.lib(uncompr.obj) : warning LNK4099: 未找到 PDB“graphics19.pdb”(使用“graphics1964.lib(uncompr.obj)”或在“C:\Users\admin\Documents\刘可立\HitTheBrick\x64\Debug\graphics19.pdb”中寻找)；正在链接对象，如同没有调试信息一样
graphics1964.lib(zutil.obj) : warning LNK4099: 未找到 PDB“graphics19.pdb”(使用“graphics1964.lib(zutil.obj)”或在“C:\Users\admin\Documents\刘可立\HitTheBrick\x64\Debug\graphics19.pdb”中寻找)；正在链接对象，如同没有调试信息一样
  HitTheBrick.vcxproj -> C:\Users\admin\Documents\刘可立\HitTheBrick\x64\Debug\HitTheBrick.exe
